{"uid":"941c965036c3c0fd","name":"Runs Cucumber Scenarios","fullName":"io.cucumber.testng.AbstractTestNGCucumberTests.runScenario","historyId":"6c6bd60075e7d726937541c4d3873dc3","time":{"start":1691231861617,"stop":1691231866911,"duration":5294},"status":"broken","statusMessage":"no such element: Unable to locate element: {\"method\":\"xpath\",\"selector\":\"//div[@id='description']//div[not(@class)]\"}\n  (Session info: chrome=115.0.5790.110)\nFor documentation on this error, please visit: https://selenium.dev/exceptions/#no_such_element\nBuild info: version: '4.8.3', revision: 'e5e76298c3'\nSystem info: os.name: 'Linux', os.arch: 'amd64', os.version: '5.15.0-1042-azure', java.version: '17.0.8'\nDriver info: org.openqa.selenium.chrome.ChromeDriver\nCommand: [2f64eb9ff320b599fc3e7bbb8de6de6d, findElement {using=xpath, value=//div[@id='description']//div[not(@class)]}]\nCapabilities {acceptInsecureCerts: false, browserName: chrome, browserVersion: 115.0.5790.110, chrome: {chromedriverVersion: 114.0.5735.90 (386bc09e8f4f..., userDataDir: /tmp/.com.google.Chrome.DY167Z}, goog:chromeOptions: {debuggerAddress: localhost:38847}, networkConnectionEnabled: false, pageLoadStrategy: normal, platformName: LINUX, proxy: Proxy(), se:cdp: ws://localhost:38847/devtoo..., se:cdpVersion: 115.0.5790.110, setWindowRect: true, strictFileInteractability: false, timeouts: {implicit: 0, pageLoad: 300000, script: 30000}, unhandledPromptBehavior: dismiss and notify, webauthn:extension:credBlob: true, webauthn:extension:largeBlob: true, webauthn:extension:minPinLength: true, webauthn:extension:prf: true, webauthn:virtualAuthenticators: true}\nSession ID: 2f64eb9ff320b599fc3e7bbb8de6de6d","statusTrace":"org.openqa.selenium.NoSuchElementException: no such element: Unable to locate element: {\"method\":\"xpath\",\"selector\":\"//div[@id='description']//div[not(@class)]\"}\n  (Session info: chrome=115.0.5790.110)\nFor documentation on this error, please visit: https://selenium.dev/exceptions/#no_such_element\nBuild info: version: '4.8.3', revision: 'e5e76298c3'\nSystem info: os.name: 'Linux', os.arch: 'amd64', os.version: '5.15.0-1042-azure', java.version: '17.0.8'\nDriver info: org.openqa.selenium.chrome.ChromeDriver\nCommand: [2f64eb9ff320b599fc3e7bbb8de6de6d, findElement {using=xpath, value=//div[@id='description']//div[not(@class)]}]\nCapabilities {acceptInsecureCerts: false, browserName: chrome, browserVersion: 115.0.5790.110, chrome: {chromedriverVersion: 114.0.5735.90 (386bc09e8f4f..., userDataDir: /tmp/.com.google.Chrome.DY167Z}, goog:chromeOptions: {debuggerAddress: localhost:38847}, networkConnectionEnabled: false, pageLoadStrategy: normal, platformName: LINUX, proxy: Proxy(), se:cdp: ws://localhost:38847/devtoo..., se:cdpVersion: 115.0.5790.110, setWindowRect: true, strictFileInteractability: false, timeouts: {implicit: 0, pageLoad: 300000, script: 30000}, unhandledPromptBehavior: dismiss and notify, webauthn:extension:credBlob: true, webauthn:extension:largeBlob: true, webauthn:extension:minPinLength: true, webauthn:extension:prf: true, webauthn:virtualAuthenticators: true}\nSession ID: 2f64eb9ff320b599fc3e7bbb8de6de6d\n\tat java.base/jdk.internal.reflect.NativeConstructorAccessorImpl.newInstance0(Native Method)\n\tat java.base/jdk.internal.reflect.NativeConstructorAccessorImpl.newInstance(NativeConstructorAccessorImpl.java:77)\n\tat java.base/jdk.internal.reflect.DelegatingConstructorAccessorImpl.newInstance(DelegatingConstructorAccessorImpl.java:45)\n\tat java.base/java.lang.reflect.Constructor.newInstanceWithCaller(Constructor.java:499)\n\tat java.base/java.lang.reflect.Constructor.newInstance(Constructor.java:480)\n\tat org.openqa.selenium.remote.codec.w3c.W3CHttpResponseCodec.createException(W3CHttpResponseCodec.java:200)\n\tat org.openqa.selenium.remote.codec.w3c.W3CHttpResponseCodec.decode(W3CHttpResponseCodec.java:133)\n\tat org.openqa.selenium.remote.codec.w3c.W3CHttpResponseCodec.decode(W3CHttpResponseCodec.java:53)\n\tat org.openqa.selenium.remote.HttpCommandExecutor.execute(HttpCommandExecutor.java:193)\n\tat org.openqa.selenium.remote.service.DriverCommandExecutor.invokeExecute(DriverCommandExecutor.java:183)\n\tat org.openqa.selenium.remote.service.DriverCommandExecutor.execute(DriverCommandExecutor.java:158)\n\tat org.openqa.selenium.remote.RemoteWebDriver.execute(RemoteWebDriver.java:543)\n\tat org.openqa.selenium.remote.ElementLocation$ElementFinder$2.findElement(ElementLocation.java:162)\n\tat org.openqa.selenium.remote.ElementLocation.findElement(ElementLocation.java:60)\n\tat org.openqa.selenium.remote.RemoteWebDriver.findElement(RemoteWebDriver.java:352)\n\tat org.openqa.selenium.remote.RemoteWebDriver.findElement(RemoteWebDriver.java:344)\n\tat school.redrover.model.interfaces.IDescription.getDescriptionText(IDescription.java:39)\n\tat school.redrover.cucumber.FreestyleTest.assertFreestyleJobDescription(FreestyleTest.java:89)\n\tat ✽.Job description is \"test description\"(file:///home/runner/work/JenkinsQA_06/JenkinsQA_06/src/test/resources/cucumber/FreestyleProject.feature:16)\n","flaky":false,"newFailed":false,"newBroken":true,"newPassed":false,"retriesCount":0,"retriesStatusChange":false,"beforeStages":[{"name":"setUpClass","time":{"start":1691231844420,"stop":1691231844818,"duration":398},"description":"","status":"passed","steps":[],"attachments":[],"parameters":[],"stepsCount":0,"attachmentsCount":0,"shouldDisplayMessage":false,"hasContent":false}],"testStage":{"status":"broken","statusMessage":"no such element: Unable to locate element: {\"method\":\"xpath\",\"selector\":\"//div[@id='description']//div[not(@class)]\"}\n  (Session info: chrome=115.0.5790.110)\nFor documentation on this error, please visit: https://selenium.dev/exceptions/#no_such_element\nBuild info: version: '4.8.3', revision: 'e5e76298c3'\nSystem info: os.name: 'Linux', os.arch: 'amd64', os.version: '5.15.0-1042-azure', java.version: '17.0.8'\nDriver info: org.openqa.selenium.chrome.ChromeDriver\nCommand: [2f64eb9ff320b599fc3e7bbb8de6de6d, findElement {using=xpath, value=//div[@id='description']//div[not(@class)]}]\nCapabilities {acceptInsecureCerts: false, browserName: chrome, browserVersion: 115.0.5790.110, chrome: {chromedriverVersion: 114.0.5735.90 (386bc09e8f4f..., userDataDir: /tmp/.com.google.Chrome.DY167Z}, goog:chromeOptions: {debuggerAddress: localhost:38847}, networkConnectionEnabled: false, pageLoadStrategy: normal, platformName: LINUX, proxy: Proxy(), se:cdp: ws://localhost:38847/devtoo..., se:cdpVersion: 115.0.5790.110, setWindowRect: true, strictFileInteractability: false, timeouts: {implicit: 0, pageLoad: 300000, script: 30000}, unhandledPromptBehavior: dismiss and notify, webauthn:extension:credBlob: true, webauthn:extension:largeBlob: true, webauthn:extension:minPinLength: true, webauthn:extension:prf: true, webauthn:virtualAuthenticators: true}\nSession ID: 2f64eb9ff320b599fc3e7bbb8de6de6d","statusTrace":"org.openqa.selenium.NoSuchElementException: no such element: Unable to locate element: {\"method\":\"xpath\",\"selector\":\"//div[@id='description']//div[not(@class)]\"}\n  (Session info: chrome=115.0.5790.110)\nFor documentation on this error, please visit: https://selenium.dev/exceptions/#no_such_element\nBuild info: version: '4.8.3', revision: 'e5e76298c3'\nSystem info: os.name: 'Linux', os.arch: 'amd64', os.version: '5.15.0-1042-azure', java.version: '17.0.8'\nDriver info: org.openqa.selenium.chrome.ChromeDriver\nCommand: [2f64eb9ff320b599fc3e7bbb8de6de6d, findElement {using=xpath, value=//div[@id='description']//div[not(@class)]}]\nCapabilities {acceptInsecureCerts: false, browserName: chrome, browserVersion: 115.0.5790.110, chrome: {chromedriverVersion: 114.0.5735.90 (386bc09e8f4f..., userDataDir: /tmp/.com.google.Chrome.DY167Z}, goog:chromeOptions: {debuggerAddress: localhost:38847}, networkConnectionEnabled: false, pageLoadStrategy: normal, platformName: LINUX, proxy: Proxy(), se:cdp: ws://localhost:38847/devtoo..., se:cdpVersion: 115.0.5790.110, setWindowRect: true, strictFileInteractability: false, timeouts: {implicit: 0, pageLoad: 300000, script: 30000}, unhandledPromptBehavior: dismiss and notify, webauthn:extension:credBlob: true, webauthn:extension:largeBlob: true, webauthn:extension:minPinLength: true, webauthn:extension:prf: true, webauthn:virtualAuthenticators: true}\nSession ID: 2f64eb9ff320b599fc3e7bbb8de6de6d\n\tat java.base/jdk.internal.reflect.NativeConstructorAccessorImpl.newInstance0(Native Method)\n\tat java.base/jdk.internal.reflect.NativeConstructorAccessorImpl.newInstance(NativeConstructorAccessorImpl.java:77)\n\tat java.base/jdk.internal.reflect.DelegatingConstructorAccessorImpl.newInstance(DelegatingConstructorAccessorImpl.java:45)\n\tat java.base/java.lang.reflect.Constructor.newInstanceWithCaller(Constructor.java:499)\n\tat java.base/java.lang.reflect.Constructor.newInstance(Constructor.java:480)\n\tat org.openqa.selenium.remote.codec.w3c.W3CHttpResponseCodec.createException(W3CHttpResponseCodec.java:200)\n\tat org.openqa.selenium.remote.codec.w3c.W3CHttpResponseCodec.decode(W3CHttpResponseCodec.java:133)\n\tat org.openqa.selenium.remote.codec.w3c.W3CHttpResponseCodec.decode(W3CHttpResponseCodec.java:53)\n\tat org.openqa.selenium.remote.HttpCommandExecutor.execute(HttpCommandExecutor.java:193)\n\tat org.openqa.selenium.remote.service.DriverCommandExecutor.invokeExecute(DriverCommandExecutor.java:183)\n\tat org.openqa.selenium.remote.service.DriverCommandExecutor.execute(DriverCommandExecutor.java:158)\n\tat org.openqa.selenium.remote.RemoteWebDriver.execute(RemoteWebDriver.java:543)\n\tat org.openqa.selenium.remote.ElementLocation$ElementFinder$2.findElement(ElementLocation.java:162)\n\tat org.openqa.selenium.remote.ElementLocation.findElement(ElementLocation.java:60)\n\tat org.openqa.selenium.remote.RemoteWebDriver.findElement(RemoteWebDriver.java:352)\n\tat org.openqa.selenium.remote.RemoteWebDriver.findElement(RemoteWebDriver.java:344)\n\tat school.redrover.model.interfaces.IDescription.getDescriptionText(IDescription.java:39)\n\tat school.redrover.cucumber.FreestyleTest.assertFreestyleJobDescription(FreestyleTest.java:89)\n\tat ✽.Job description is \"test description\"(file:///home/runner/work/JenkinsQA_06/JenkinsQA_06/src/test/resources/cucumber/FreestyleProject.feature:16)\n","steps":[{"name":"Click on the 'Configure' button on side menu","time":{"start":1691231863854,"stop":1691231865017,"duration":1163},"status":"passed","steps":[{"name":"Click on the 'Configure' Button on the Base Job Page","time":{"start":1691231863854,"stop":1691231865016,"duration":1162},"status":"passed","steps":[],"attachments":[],"parameters":[],"stepsCount":0,"attachmentsCount":0,"shouldDisplayMessage":false,"hasContent":false}],"attachments":[],"parameters":[],"stepsCount":1,"attachmentsCount":0,"shouldDisplayMessage":false,"hasContent":true},{"name":"Add description","time":{"start":1691231865018,"stop":1691231865222,"duration":204},"status":"passed","steps":[],"attachments":[],"parameters":[{"name":"description","value":"test description"}],"stepsCount":0,"attachmentsCount":0,"shouldDisplayMessage":false,"hasContent":true},{"name":"Click 'Save' button on the BaseConfigPage page","time":{"start":1691231865224,"stop":1691231865485,"duration":261},"status":"passed","steps":[],"attachments":[],"parameters":[],"stepsCount":0,"attachmentsCount":0,"shouldDisplayMessage":false,"hasContent":false}],"attachments":[],"parameters":[],"stepsCount":4,"attachmentsCount":0,"shouldDisplayMessage":true,"hasContent":true},"afterStages":[{"name":"tearDownClass","time":{"start":1691231874615,"stop":1691231874618,"duration":3},"description":"","status":"passed","steps":[],"attachments":[],"parameters":[],"stepsCount":0,"attachmentsCount":0,"shouldDisplayMessage":false,"hasContent":false}],"labels":[{"name":"package","value":"school.redrover.runner.CucumberTest"},{"name":"testClass","value":"school.redrover.runner.CucumberTest"},{"name":"testMethod","value":"runScenario"},{"name":"parentSuite","value":"AllTestsSuite"},{"name":"suite","value":"AllTests"},{"name":"subSuite","value":"school.redrover.runner.CucumberTest"},{"name":"host","value":"fv-az344-344"},{"name":"thread","value":"2651@fv-az344-344.main(1)"},{"name":"framework","value":"testng"},{"name":"language","value":"java"},{"name":"resultFormat","value":"allure2"}],"parameters":[{"name":"arg0","value":"\"Edit job\""},{"name":"arg1","value":"\"Freestyle job\""}],"links":[],"hidden":false,"retry":false,"extra":{"severity":"normal","retries":[],"categories":[{"name":"Test defects","matchedStatuses":[],"flaky":false}],"history":{"statistic":{"failed":0,"broken":1,"skipped":0,"passed":9,"unknown":0,"total":10},"items":[{"uid":"3a1e06bd03b5b41","reportUrl":"https://RedRoverSchool.github.io/JenkinsQA_06/6273//#testresult/3a1e06bd03b5b41","status":"passed","time":{"start":1691220933780,"stop":1691220938120,"duration":4340}},{"uid":"f5476c5399c885e6","reportUrl":"https://RedRoverSchool.github.io/JenkinsQA_06/6272//#testresult/f5476c5399c885e6","status":"passed","time":{"start":1691217026778,"stop":1691217030548,"duration":3770}},{"uid":"2ec0710f64b9bc35","reportUrl":"https://RedRoverSchool.github.io/JenkinsQA_06/6265//#testresult/2ec0710f64b9bc35","status":"passed","time":{"start":1691215662582,"stop":1691215666186,"duration":3604}},{"uid":"f065f1757cef8147","reportUrl":"https://RedRoverSchool.github.io/JenkinsQA_06/6270//#testresult/f065f1757cef8147","status":"passed","time":{"start":1691214899184,"stop":1691214903075,"duration":3891}},{"uid":"2f9b23c39fae64a6","reportUrl":"https://RedRoverSchool.github.io/JenkinsQA_06/6269//#testresult/2f9b23c39fae64a6","status":"passed","time":{"start":1691213999732,"stop":1691214004145,"duration":4413}},{"uid":"8c64f3b86a460a22","reportUrl":"https://RedRoverSchool.github.io/JenkinsQA_06/6265//#testresult/8c64f3b86a460a22","status":"passed","time":{"start":1691211554989,"stop":1691211559284,"duration":4295}},{"uid":"3f25267a5170731b","reportUrl":"https://RedRoverSchool.github.io/JenkinsQA_06/6268//#testresult/3f25267a5170731b","status":"passed","time":{"start":1691209898486,"stop":1691209902565,"duration":4079}},{"uid":"84493961c42b385e","reportUrl":"https://RedRoverSchool.github.io/JenkinsQA_06/6265//#testresult/84493961c42b385e","status":"passed","time":{"start":1691207146649,"stop":1691207150638,"duration":3989}},{"uid":"1cd455b8ef42889a","reportUrl":"https://RedRoverSchool.github.io/JenkinsQA_06/6267//#testresult/1cd455b8ef42889a","status":"passed","time":{"start":1691208687943,"stop":1691208691998,"duration":4055}}]},"tags":[]},"source":"941c965036c3c0fd.json","parameterValues":["\"Edit job\"","\"Freestyle job\""]}